#
# There is insufficient memory for the Java Runtime Environment to continue.
# Native memory allocation (malloc) failed to allocate 957216 bytes for Chunk::new
# Possible reasons:
#   The system is out of physical RAM or swap space
#   In 32 bit mode, the process size limit was hit
# Possible solutions:
#   Reduce memory load on the system
#   Increase physical memory or swap space
#   Check if swap backing store is full
#   Use 64 bit Java on a 64 bit OS
#   Decrease Java heap size (-Xmx/-Xms)
#   Decrease number of Java threads
#   Decrease Java thread stack sizes (-Xss)
#   Set larger code cache with -XX:ReservedCodeCacheSize=
# This output file may be truncated or incomplete.
#
#  Out of Memory Error (allocation.cpp:390), pid=5524, tid=7308
#
# JRE version: Java(TM) SE Runtime Environment (8.0_65-b17) (build 1.8.0_65-b17)
# Java VM: Java HotSpot(TM) 64-Bit Server VM (25.65-b01 mixed mode windows-amd64 compressed oops)
# Failed to write core dump. Minidumps are not enabled by default on client versions of Windows
#

---------------  T H R E A D  ---------------

Current thread (0x0000000015316800):  JavaThread "C2 CompilerThread1" daemon [_thread_in_native, id=7308, stack(0x0000000016b60000,0x0000000016c60000)]

Stack: [0x0000000016b60000,0x0000000016c60000]
[error occurred during error reporting (printing stack bounds), id 0xc0000005]

Native frames: (J=compiled Java code, j=interpreted, Vv=VM code, C=native code)


Current CompileTask:
C2:   4692 1399       4       com.android.dx.ssa.SsaRenamer$BlockRenamer::process (191 bytes)


---------------  P R O C E S S  ---------------

Java Threads: ( => current thread )
  0x0000000016eba800 JavaThread "pool-2-thread-4" [_thread_blocked, id=6932, stack(0x0000000017760000,0x0000000017860000)]
  0x0000000016eb9800 JavaThread "pool-2-thread-3" [_thread_blocked, id=8008, stack(0x0000000017660000,0x0000000017760000)]
  0x0000000016fe9800 JavaThread "pool-2-thread-2" [_thread_blocked, id=7984, stack(0x0000000017560000,0x0000000017660000)]
  0x0000000016fe6800 JavaThread "pool-3-thread-1" [_thread_blocked, id=8036, stack(0x0000000017460000,0x0000000017560000)]
  0x0000000016ed0800 JavaThread "pool-2-thread-1" [_thread_blocked, id=8016, stack(0x0000000017360000,0x0000000017460000)]
  0x0000000016c65000 JavaThread "Service Thread" daemon [_thread_blocked, id=6960, stack(0x0000000017160000,0x0000000017260000)]
  0x0000000016c60800 JavaThread "C1 CompilerThread2" daemon [_thread_blocked, id=3416, stack(0x0000000017060000,0x0000000017160000)]
=>0x0000000015316800 JavaThread "C2 CompilerThread1" daemon [_thread_in_native, id=7308, stack(0x0000000016b60000,0x0000000016c60000)]
  0x00000000152be800 JavaThread "C2 CompilerThread0" daemon [_thread_in_native, id=7988, stack(0x0000000016a60000,0x0000000016b60000)]
  0x00000000152bb800 JavaThread "Attach Listener" daemon [_thread_blocked, id=7340, stack(0x0000000016960000,0x0000000016a60000)]
  0x00000000152ba800 JavaThread "Signal Dispatcher" daemon [_thread_blocked, id=7948, stack(0x0000000016860000,0x0000000016960000)]
  0x0000000002be6000 JavaThread "Finalizer" daemon [_thread_blocked, id=7248, stack(0x0000000016510000,0x0000000016610000)]
  0x0000000002bdd000 JavaThread "Reference Handler" daemon [_thread_blocked, id=7184, stack(0x0000000016410000,0x0000000016510000)]
  0x0000000002af0800 JavaThread "main" [_thread_blocked, id=8088, stack(0x0000000002940000,0x0000000002a40000)]

Other Threads:
  0x0000000015288000 VMThread [stack: 0x0000000016310000,0x0000000016410000] [id=4212]
  0x0000000016c7b000 WatcherThread [stack: 0x0000000017260000,0x0000000017360000] [id=7700]

VM state:not at safepoint (normal execution)

VM Mutex/Monitor currently owned by a thread: None

Heap:
 PSYoungGen      total 28672K, used 24049K [0x00000000eab00000, 0x00000000ecb00000, 0x0000000100000000)
  eden space 24576K, 81% used [0x00000000eab00000,0x00000000ebe805d8,0x00000000ec300000)
  from space 4096K, 99% used [0x00000000ec300000,0x00000000ec6fc098,0x00000000ec700000)
  to   space 4096K, 0% used [0x00000000ec700000,0x00000000ec700000,0x00000000ecb00000)
 ParOldGen       total 65536K, used 528K [0x00000000c0000000, 0x00000000c4000000, 0x00000000eab00000)
  object space 65536K, 0% used [0x00000000c0000000,0x00000000c0084068,0x00000000c4000000)
 Metaspace       used 6084K, capacity 7024K, committed 7296K, reserved 1056768K
  class space    used 594K, capacity 616K, committed 640K, reserved 1048576K

Card table byte_map: [0x0000000011fb0000,0x00000000121c0000] byte_map_base: 0x00000000119b0000

Marking Bits: (ParMarkBitMap*) 0x000000006d93a5b0
 Begin Bits: [0x0000000012720000, 0x0000000013720000)
 End Bits:   [0x0000000013720000, 0x0000000014720000)

Polling page: 0x0000000002a40000

CodeCache: size=245760Kb used=5886Kb max_used=5886Kb free=239873Kb
 bounds [0x0000000002bf0000, 0x00000000031c0000, 0x0000000011bf0000]
 total_blobs=1704 nmethods=1434 adapters=182
 compilation: enabled

Compilation events (10 events):
Event: 4.685 Thread 0x0000000016c60800 1434       3       com.android.dx.dex.code.RopTranslator::translate (21 bytes)
Event: 4.685 Thread 0x0000000016c60800 nmethod 1434 0x00000000031b27d0 code [0x00000000031b2940, 0x00000000031b2b78]
Event: 4.685 Thread 0x0000000016c60800 1435       3       com.android.dx.dex.code.BlockAddresses::<init> (44 bytes)
Event: 4.685 Thread 0x0000000016c60800 nmethod 1435 0x00000000031b2c90 code [0x00000000031b2e20, 0x00000000031b3338]
Event: 4.685 Thread 0x0000000016c60800 1436       3       com.android.dx.rop.code.LocalVariableInfo::getAssignmentCount (8 bytes)
Event: 4.685 Thread 0x0000000016c60800 nmethod 1436 0x00000000031b3510 code [0x00000000031b3660, 0x00000000031b3850]
Event: 4.686 Thread 0x0000000016c60800 1437       3       com.android.dx.dex.code.StdCatchBuilder::<init> (62 bytes)
Event: 4.686 Thread 0x0000000016c60800 nmethod 1437 0x00000000031b3910 code [0x00000000031b3ac0, 0x00000000031b3f88]
Event: 4.686 Thread 0x0000000016c60800 1438       3       com.android.dx.dex.code.OutputCollector::getFinisher (26 bytes)
Event: 4.687 Thread 0x0000000016c60800 nmethod 1438 0x00000000031b4150 code [0x00000000031b42e0, 0x00000000031b4578]

GC Heap History (2 events):
Event: 3.231 GC heap before
{Heap before GC invocations=1 (full 0):
 PSYoungGen      total 28672K, used 24576K [0x00000000eab00000, 0x00000000ecb00000, 0x0000000100000000)
  eden space 24576K, 100% used [0x00000000eab00000,0x00000000ec300000,0x00000000ec300000)
  from space 4096K, 0% used [0x00000000ec700000,0x00000000ec700000,0x00000000ecb00000)
  to   space 4096K, 0% used [0x00000000ec300000,0x00000000ec300000,0x00000000ec700000)
 ParOldGen       total 65536K, used 0K [0x00000000c0000000, 0x00000000c4000000, 0x00000000eab00000)
  object space 65536K, 0% used [0x00000000c0000000,0x00000000c0000000,0x00000000c4000000)
 Metaspace       used 5837K, capacity 6768K, committed 7040K, reserved 1056768K
  class space    used 593K, capacity 616K, committed 640K, reserved 1048576K
Event: 3.257 GC heap after
Heap after GC invocations=1 (full 0):
 PSYoungGen      total 28672K, used 4080K [0x00000000eab00000, 0x00000000ecb00000, 0x0000000100000000)
  eden space 24576K, 0% used [0x00000000eab00000,0x00000000eab00000,0x00000000ec300000)
  from space 4096K, 99% used [0x00000000ec300000,0x00000000ec6fc098,0x00000000ec700000)
  to   space 4096K, 0% used [0x00000000ec700000,0x00000000ec700000,0x00000000ecb00000)
 ParOldGen       total 65536K, used 528K [0x00000000c0000000, 0x00000000c4000000, 0x00000000eab00000)
  object space 65536K, 0% used [0x00000000c0000000,0x00000000c0084068,0x00000000c4000000)
 Metaspace       used 5837K, capacity 6768K, committed 7040K, reserved 1056768K
  class space    used 593K, capacity 616K, committed 640K, reserved 1048576K
}

Deoptimization events (1 events):
Event: 1.738 Thread 0x0000000002af0800 Uncommon trap: reason=unstable_if action=reinterpret pc=0x0000000002d40654 method=java.lang.String.compareTo(Ljava/lang/String;)I @ 38

Internal exceptions (2 events):
Event: 0.318 Thread 0x0000000002af0800 Exception <a 'java/lang/NoSuchMethodError': Method sun.misc.Unsafe.defineClass(Ljava/lang/String;[BII)Ljava/lang/Class; name or signature does not match> (0x00000000eab130a0) thrown at [C:\workspace\8-2-build-windows-amd64-cygwin\jdk8u65\4987\hotspot\src\sêÊ[‘?
Event: 0.318 Thread 0x0000000002af0800 Exception <a 'java/lang/NoSuchMethodError': Method sun.misc.Unsafe.prefetchRead(Ljava/lang/Object;J)V name or signature does not match> (0x00000000eab13388) thrown at [C:\workspace\8-2-build-windows-amd64-cygwin\jdk8u65\4987\hotspot\src\share\vm\prims\jni.

Events (10 events):
Event: 3.228 loading class java/util/TreeMap$EntrySet
Event: 3.228 loading class java/util/TreeMap$EntrySet done
Event: 3.230 loading class java/util/TreeMap$EntryIterator
Event: 3.230 Executing VM operation: ParallelGCFailedAllocation
Event: 3.257 Executing VM operation: ParallelGCFailedAllocation done
Event: 3.258 loading class java/util/TreeMap$EntryIterator done
Event: 4.224 Thread 0x0000000016ed0800 DEOPT PACKING pc=0x0000000002ee1193 sp=0x000000001745e6c0
Event: 4.224 Thread 0x0000000016ed0800 DEOPT UNPACKING pc=0x0000000002c3787f sp=0x000000001745e488 mode 0
Event: 4.652 loading class com/android/dx/rop/code/RegisterSpec$1
Event: 4.652 loading class com/android/dx/rop/code/RegisterSpec$1 done


Dynamic libraries:
0x00007ff711710000 - 0x00007ff711747000 	D:\Apps\Java\jdk1.8.0_65\bin\java.exe
0x00007ffb06a30000 - 0x00007ffb06bdc000 	C:\Windows\SYSTEM32\ntdll.dll
0x00007ffb04870000 - 0x00007ffb049ae000 	C:\Windows\system32\KERNEL32.DLL
0x00007ffb03cb0000 - 0x00007ffb03dc5000 	C:\Windows\system32\KERNELBASE.dll
0x00007ffb02720000 - 0x00007ffb027ae000 	C:\Windows\system32\apphelp.dll
0x00007ffaeae90000 - 0x00007ffaeaee3000 	C:\Windows\AppPatch\AppPatch64\AcGenral.DLL
0x00007ffb06790000 - 0x00007ffb0683a000 	C:\Windows\system32\msvcrt.dll
0x00007ffb039b0000 - 0x00007ffb039de000 	C:\Windows\SYSTEM32\SspiCli.dll
0x00007ffb044e0000 - 0x00007ffb04534000 	C:\Windows\system32\SHLWAPI.dll
0x00007ffb06840000 - 0x00007ffb069b7000 	C:\Windows\system32\USER32.dll
0x00007ffb04550000 - 0x00007ffb046e4000 	C:\Windows\system32\ole32.dll
0x00007ffb049b0000 - 0x00007ffb05ec9000 	C:\Windows\system32\SHELL32.dll
0x00007ffb03180000 - 0x00007ffb031a1000 	C:\Windows\SYSTEM32\USERENV.dll
0x00007ffb047c0000 - 0x00007ffb0486a000 	C:\Windows\system32\ADVAPI32.dll
0x00007ffaf0b60000 - 0x00007ffaf0b7e000 	C:\Windows\SYSTEM32\MPR.dll
0x00007ffb06140000 - 0x00007ffb06281000 	C:\Windows\system32\RPCRT4.dll
0x00007ffb04210000 - 0x00007ffb04269000 	C:\Windows\SYSTEM32\sechost.dll
0x00007ffb062b0000 - 0x00007ffb064c1000 	C:\Windows\SYSTEM32\combase.dll
0x00007ffb040b0000 - 0x00007ffb04201000 	C:\Windows\system32\GDI32.dll
0x00007ffb03b80000 - 0x00007ffb03b95000 	C:\Windows\SYSTEM32\profapi.dll
0x00007ffb02100000 - 0x00007ffb021b2000 	C:\Windows\SYSTEM32\SHCORE.dll
0x00007ffb042e0000 - 0x00007ffb04316000 	C:\Windows\system32\IMM32.DLL
0x00007ffb04320000 - 0x00007ffb04473000 	C:\Windows\system32\MSCTF.dll
0x00007ffb016a0000 - 0x00007ffb0191b000 	C:\Windows\WinSxS\amd64_microsoft.windows.common-controls_6595b64144ccf1df_6.0.9600.17415_none_6240486fecbd8abb\COMCTL32.dll
0x000000006ccb0000 - 0x000000006cd82000 	D:\Apps\Java\jdk1.8.0_65\jre\bin\msvcr100.dll
0x000000006d130000 - 0x000000006d9b9000 	D:\Apps\Java\jdk1.8.0_65\jre\bin\server\jvm.dll
0x00007ffaf4520000 - 0x00007ffaf4529000 	C:\Windows\SYSTEM32\WSOCK32.dll
0x00007ffb01370000 - 0x00007ffb01392000 	C:\Windows\SYSTEM32\WINMM.dll
0x00007ffb013a0000 - 0x00007ffb013aa000 	C:\Windows\SYSTEM32\VERSION.dll
0x00007ffb04540000 - 0x00007ffb04547000 	C:\Windows\system32\PSAPI.DLL
0x00007ffb04480000 - 0x00007ffb044da000 	C:\Windows\system32\WS2_32.dll
0x00007ffb01340000 - 0x00007ffb0136a000 	C:\Windows\SYSTEM32\WINMMBASE.dll
0x00007ffb06a20000 - 0x00007ffb06a29000 	C:\Windows\system32\NSI.dll
0x00007ffb04060000 - 0x00007ffb040af000 	C:\Windows\SYSTEM32\cfgmgr32.dll
0x00007ffb02970000 - 0x00007ffb02998000 	C:\Windows\SYSTEM32\DEVOBJ.dll
0x000000006d120000 - 0x000000006d12f000 	D:\Apps\Java\jdk1.8.0_65\jre\bin\verify.dll
0x000000006d0f0000 - 0x000000006d119000 	D:\Apps\Java\jdk1.8.0_65\jre\bin\java.dll
0x000000006d0d0000 - 0x000000006d0e6000 	D:\Apps\Java\jdk1.8.0_65\jre\bin\zip.dll

VM Arguments:
jvm_args: -Djava.awt.headless=true -Xmx1024M -Dfile.encoding=windows-1251 -Duser.country=US -Duser.language=en -Duser.variant 
java_command: com.android.dx.command.Main --dex --force-jumbo --num-threads=4 --multi-dex --output C:\Users\mityushaa\AndroidStudioProjects\Alarm2\app\build\intermediates\transforms\dex\debug\folders\1000\10\internal_impl-23.4.0_46b99ae315e56d77a8aaec2f2b8c0fa74452280a C:\Users\mityushaa\AndroidStudioProjects\Alarm2\app\build\intermediates\exploded-aar\com.android.support\support-v4\23.4.0\jars\libs\internal_impl-23.4.0.jar
java_class_path (initial): D:\Apps\mityushaa\AppData\Local\Android\sdk\build-tools\23.0.2\lib\dx.jar
Launcher Type: SUN_STANDARD

Environment Variables:
PATH=C:\ProgramData\Oracle\Java\javapath;C:\Windows\system32;C:\Windows;C:\Windows\System32\Wbem;C:\Windows\System32\WindowsPowerShell\v1.0\;C:\Program Files (x86)\Skype\Phone\;C:\Windows\system32\config\systemprofile\.dnx\bin;C:\Program Files\Microsoft DNX\Dnvm\;C:\Program Files (x86)\Windows Kits\8.1\Windows Performance Toolkit\;C:\Program Files\Microsoft SQL Server\120\Tools\Binn\;C:\Program Files (x86)\ATI Technologies\ATI.ACE\Core-Static;D:\Apps\AMD\ATI.ACE\Core-Static;D:\Apps\doxygen\bin;D:\Apps\nodejs\;D:\Apps\RailsInstaller\Git\cmd;D:\Apps\RailsInstaller\Ruby2.2.0\bin;C:\Users\mityushaa\AppData\Roaming\npm
USERNAME=mityushaa
OS=Windows_NT
PROCESSOR_IDENTIFIER=Intel64 Family 6 Model 58 Stepping 9, GenuineIntel



---------------  S Y S T E M  ---------------

OS: Windows 8.1 , 64 bit Build 9600 (6.3.9600.17415)

CPU:total 4 (2 cores per cpu, 2 threads per core) family 6 model 58 stepping 9, cmov, cx8, fxsr, mmx, sse, sse2, sse3, ssse3, sse4.1, sse4.2, popcnt, avx, aes, clmul, erms, ht, tsc, tscinvbit, tscinv

Memory: 4k page, physical 6180344k(549188k free), swap 9326072k(9988k free)

vm_info: Java HotSpot(TM) 64-Bit Server VM (25.65-b01) for windows-amd64 JRE (1.8.0_65-b17), built on Oct  6 2015 16:39:20 by "java_re" with MS VC++ 10.0 (VS2010)

time: Tue May 17 23:43:19 2016
elapsed time: 4 seconds (0d 0h 0m 4s)

